2025-09-25 19:20:07.942 UTC [1] LOG:  aborting any active transactions
2025-09-25 19:20:07.946 UTC [1] LOG:  background worker "logical replication launcher" (PID 64) exited with exit code 1
2025-09-25 19:20:07.956 UTC [59] LOG:  shutting down
2025-09-25 19:20:07.957 UTC [59] LOG:  checkpoint starting: shutdown immediate
2025-09-25 19:20:07.964 UTC [59] LOG:  checkpoint complete: wrote 0 buffers (0.0%); 0 WAL file(s) added, 0 removed, 0 recycled; write=0.003 s, sync=0.001 s, total=0.009 s; sync files=0, longest=0.000 s, average=0.000 s; distance=0 kB, estimate=232 kB
2025-09-25 19:20:07.978 UTC [1] LOG:  database system is shut down
2025-09-25 19:30:02.374 UTC [1] LOG:  starting PostgreSQL 15.14 on aarch64-unknown-linux-musl, compiled by gcc (Alpine 14.2.0) 14.2.0, 64-bit
2025-09-25 19:30:02.374 UTC [1] LOG:  listening on IPv4 address "0.0.0.0", port 5432
2025-09-25 19:30:02.374 UTC [1] LOG:  listening on IPv6 address "::", port 5432
2025-09-25 19:30:02.376 UTC [1] LOG:  listening on Unix socket "/var/run/postgresql/.s.PGSQL.5432"
2025-09-25 19:30:02.378 UTC [30] LOG:  database system was shut down at 2025-09-25 19:20:07 UTC
2025-09-25 19:30:02.382 UTC [1] LOG:  database system is ready to accept connections
2025-09-25 19:35:02.378 UTC [28] LOG:  checkpoint starting: time
2025-09-25 19:35:02.508 UTC [28] LOG:  checkpoint complete: wrote 4 buffers (0.0%); 0 WAL file(s) added, 0 removed, 0 recycled; write=0.111 s, sync=0.004 s, total=0.131 s; sync files=3, longest=0.002 s, average=0.002 s; distance=7 kB, estimate=7 kB
2025-09-25 19:35:15.060 UTC [1] LOG:  received fast shutdown request
2025-09-25 19:35:15.062 UTC [1] LOG:  aborting any active transactions
2025-09-25 19:35:15.065 UTC [1] LOG:  background worker "logical replication launcher" (PID 33) exited with exit code 1
2025-09-25 19:35:15.069 UTC [28] LOG:  shutting down
2025-09-25 19:35:15.070 UTC [28] LOG:  checkpoint starting: shutdown immediate
2025-09-25 19:35:15.072 UTC [28] LOG:  checkpoint complete: wrote 0 buffers (0.0%); 0 WAL file(s) added, 0 removed, 0 recycled; write=0.001 s, sync=0.001 s, total=0.003 s; sync files=0, longest=0.000 s, average=0.000 s; distance=0 kB, estimate=6 kB
2025-09-25 19:35:15.078 UTC [1] LOG:  database system is shut down
